Fetching sitemap: https://www2.math.binghamton.edu/p/people/kargin/start?do=index
Found 23 pages under /p/people/kargin

=== https://www2.math.binghamton.edu/p/people/kargin/calculations
  wrote bu/calculations/index.html

=== https://www2.math.binghamton.edu/p/people/kargin/genealogy
  wrote bu/genealogy/index.html

=== https://www2.math.binghamton.edu/p/people/kargin/kargin_publications
  wrote bu/kargin_publications/index.html

=== https://www2.math.binghamton.edu/p/people/kargin/letterinfo
  wrote bu/letterinfo/index.html

=== https://www2.math.binghamton.edu/p/people/kargin/math404_spring2024
  wrote bu/math404_spring2024/index.html

=== https://www2.math.binghamton.edu/p/people/kargin/math447
  wrote bu/math447/index.html

=== https://www2.math.binghamton.edu/p/people/kargin/math447_fall2020
  wrote bu/math447_fall2020/index.html

=== https://www2.math.binghamton.edu/p/people/kargin/math447_fall2024
  wrote bu/math447_fall2024/index.html

=== https://www2.math.binghamton.edu/p/people/kargin/math447_spring2021
  wrote bu/math447_spring2021/index.html

=== https://www2.math.binghamton.edu/p/people/kargin/math447_spring2022
  wrote bu/math447_spring2022/index.html

=== https://www2.math.binghamton.edu/p/people/kargin/math448_fall2022
  wrote bu/math448_fall2022/index.html

=== https://www2.math.binghamton.edu/p/people/kargin/math448_spring2025
  wrote bu/math448_spring2025/index.html

=== https://www2.math.binghamton.edu/p/people/kargin/math457_fall2021
  wrote bu/math457_fall2021/index.html

=== https://www2.math.binghamton.edu/p/people/kargin/math457_fall2023
  wrote bu/math457_fall2023/index.html

=== https://www2.math.binghamton.edu/p/people/kargin/math457_fall2024
  wrote bu/math457_fall2024/index.html

=== https://www2.math.binghamton.edu/p/people/kargin/math457_fall2025
  wrote bu/math457_fall2025/index.html

=== https://www2.math.binghamton.edu/p/people/kargin/math471_fall2023
  wrote bu/math471_fall2023/index.html

=== https://www2.math.binghamton.edu/p/people/kargin/math471_spring2025
  wrote bu/math471_spring2025/index.html

=== https://www2.math.binghamton.edu/p/people/kargin/math530
  wrote bu/math530/index.html

=== https://www2.math.binghamton.edu/p/people/kargin/math530_fall2020
  wrote bu/math530_fall2020/index.html

=== https://www2.math.binghamton.edu/p/people/kargin/pictures
  wrote bu/pictures/index.html

=== https://www2.math.binghamton.edu/p/people/kargin/start
  [cv] candidate matched: bu/assets/629569b905b9.pdf
  wrote bu/index.html

=== https://www2.math.binghamton.edu/p/people/kargin/unpublished
  wrote bu/unpublished/index.html
  synced cv.pdf from bu/assets/629569b905b9.pdf

Done. Commit & push to publish on GitHub Pages.
